#! /usr/local/bin/vvp
:ivl_version "12.0 (stable)";
:ivl_delay_selection "TYPICAL";
:vpi_time_precision - 12;
:vpi_module "/usr/local/lib/ivl/system.vpi";
:vpi_module "/usr/local/lib/ivl/vhdl_sys.vpi";
:vpi_module "/usr/local/lib/ivl/vhdl_textio.vpi";
:vpi_module "/usr/local/lib/ivl/v2005_math.vpi";
:vpi_module "/usr/local/lib/ivl/va_math.vpi";
:vpi_module "/usr/local/lib/ivl/v2009.vpi";
S_0x3ea10ea0 .scope package, "$unit" "$unit" 2 1;
 .timescale 0 0;
S_0x3ea11030 .scope module, "tb_receiver" "tb_receiver" 3 3;
 .timescale -9 -12;
v0x3ea2f9f0_0 .var "clk", 0 0;
v0x3ea2fab0_0 .net "data", 3 0, v0x3ea2f2a0_0;  1 drivers
v0x3ea2fb80_0 .net "done", 0 0, v0x3ea2f390_0;  1 drivers
v0x3ea2fc80_0 .var "rst", 0 0;
v0x3ea2fd50_0 .var "rx", 0 0;
S_0x3e9e5580 .scope task, "send_packet" "send_packet" 3 27, 3 27 0, S_0x3ea11030;
 .timescale -9 -12;
v0x3e9f9d10_0 .var/i "i", 31 0;
v0x3ea2e910_0 .var "payload", 3 0;
E_0x3e9e5710 .event posedge, v0x3ea2f1e0_0;
TD_tb_receiver.send_packet ;
    %wait E_0x3e9e5710;
    %delay 1000, 0;
    %pushi/vec4 0, 0, 1;
    %assign/vec4 v0x3ea2fd50_0, 0;
    %wait E_0x3e9e5710;
    %delay 1000, 0;
    %pushi/vec4 0, 0, 32;
    %store/vec4 v0x3e9f9d10_0, 0, 32;
T_0.0 ;
    %load/vec4 v0x3e9f9d10_0;
    %cmpi/s 4, 0, 32;
    %jmp/0xz T_0.1, 5;
    %load/vec4 v0x3ea2e910_0;
    %load/vec4 v0x3e9f9d10_0;
    %part/s 1;
    %assign/vec4 v0x3ea2fd50_0, 0;
    %wait E_0x3e9e5710;
    %delay 1000, 0;
    %load/vec4 v0x3e9f9d10_0;
    %addi 1, 0, 32;
    %store/vec4 v0x3e9f9d10_0, 0, 32;
    %jmp T_0.0;
T_0.1 ;
    %pushi/vec4 1, 0, 1;
    %assign/vec4 v0x3ea2fd50_0, 0;
    %wait E_0x3e9e5710;
    %delay 1000, 0;
    %end;
S_0x3ea2e9f0 .scope module, "uut" "receiver" 3 15, 4 1 0, S_0x3ea11030;
 .timescale 0 0;
    .port_info 0 /INPUT 1 "clk";
    .port_info 1 /INPUT 1 "rst";
    .port_info 2 /INPUT 1 "rx";
    .port_info 3 /OUTPUT 4 "data";
    .port_info 4 /OUTPUT 1 "done";
P_0x3ea2ebf0 .param/l "DONE" 0 4 13, C4<011>;
P_0x3ea2ec30 .param/l "ERROR" 0 4 14, C4<100>;
P_0x3ea2ec70 .param/l "IDLE" 0 4 10, C4<000>;
P_0x3ea2ecb0 .param/l "RECEIVE" 0 4 11, C4<001>;
P_0x3ea2ecf0 .param/l "WAIT_STOP" 0 4 12, C4<010>;
v0x3ea2f0e0_0 .var "bit_cnt", 2 0;
v0x3ea2f1e0_0 .net "clk", 0 0, v0x3ea2f9f0_0;  1 drivers
v0x3ea2f2a0_0 .var "data", 3 0;
v0x3ea2f390_0 .var "done", 0 0;
v0x3ea2f450_0 .var "next_state", 2 0;
v0x3ea2f580_0 .net "rst", 0 0, v0x3ea2fc80_0;  1 drivers
v0x3ea2f640_0 .net "rx", 0 0, v0x3ea2fd50_0;  1 drivers
v0x3ea2f700_0 .var "shift_reg", 3 0;
v0x3ea2f7e0_0 .var "state", 2 0;
E_0x3ea2f020 .event anyedge, v0x3ea2f7e0_0, v0x3ea2f640_0, v0x3ea2f0e0_0;
E_0x3ea2f080 .event posedge, v0x3ea2f580_0, v0x3ea2f1e0_0;
    .scope S_0x3ea2e9f0;
T_1 ;
    %wait E_0x3ea2f080;
    %load/vec4 v0x3ea2f580_0;
    %flag_set/vec4 8;
    %jmp/0xz  T_1.0, 8;
    %pushi/vec4 0, 0, 3;
    %assign/vec4 v0x3ea2f7e0_0, 0;
    %pushi/vec4 0, 0, 3;
    %assign/vec4 v0x3ea2f0e0_0, 0;
    %pushi/vec4 0, 0, 4;
    %assign/vec4 v0x3ea2f700_0, 0;
    %pushi/vec4 0, 0, 4;
    %assign/vec4 v0x3ea2f2a0_0, 0;
    %pushi/vec4 0, 0, 1;
    %assign/vec4 v0x3ea2f390_0, 0;
    %jmp T_1.1;
T_1.0 ;
    %load/vec4 v0x3ea2f450_0;
    %assign/vec4 v0x3ea2f7e0_0, 0;
    %load/vec4 v0x3ea2f7e0_0;
    %dup/vec4;
    %pushi/vec4 0, 0, 3;
    %cmp/u;
    %jmp/1 T_1.2, 6;
    %dup/vec4;
    %pushi/vec4 1, 0, 3;
    %cmp/u;
    %jmp/1 T_1.3, 6;
    %dup/vec4;
    %pushi/vec4 2, 0, 3;
    %cmp/u;
    %jmp/1 T_1.4, 6;
    %dup/vec4;
    %pushi/vec4 3, 0, 3;
    %cmp/u;
    %jmp/1 T_1.5, 6;
    %dup/vec4;
    %pushi/vec4 4, 0, 3;
    %cmp/u;
    %jmp/1 T_1.6, 6;
    %jmp T_1.7;
T_1.2 ;
    %pushi/vec4 0, 0, 1;
    %assign/vec4 v0x3ea2f390_0, 0;
    %load/vec4 v0x3ea2f640_0;
    %cmpi/e 0, 0, 1;
    %jmp/0xz  T_1.8, 4;
    %pushi/vec4 0, 0, 3;
    %assign/vec4 v0x3ea2f0e0_0, 0;
    %pushi/vec4 0, 0, 4;
    %assign/vec4 v0x3ea2f700_0, 0;
T_1.8 ;
    %jmp T_1.7;
T_1.3 ;
    %load/vec4 v0x3ea2f640_0;
    %load/vec4 v0x3ea2f700_0;
    %parti/s 3, 1, 2;
    %concat/vec4; draw_concat_vec4
    %assign/vec4 v0x3ea2f700_0, 0;
    %load/vec4 v0x3ea2f0e0_0;
    %addi 1, 0, 3;
    %assign/vec4 v0x3ea2f0e0_0, 0;
    %jmp T_1.7;
T_1.4 ;
    %load/vec4 v0x3ea2f640_0;
    %cmpi/e 1, 0, 1;
    %jmp/0xz  T_1.10, 4;
    %load/vec4 v0x3ea2f700_0;
    %assign/vec4 v0x3ea2f2a0_0, 0;
    %pushi/vec4 1, 0, 1;
    %assign/vec4 v0x3ea2f390_0, 0;
T_1.10 ;
    %jmp T_1.7;
T_1.5 ;
    %pushi/vec4 0, 0, 1;
    %assign/vec4 v0x3ea2f390_0, 0;
    %jmp T_1.7;
T_1.6 ;
    %pushi/vec4 0, 0, 1;
    %assign/vec4 v0x3ea2f390_0, 0;
    %jmp T_1.7;
T_1.7 ;
    %pop/vec4 1;
T_1.1 ;
    %jmp T_1;
    .thread T_1;
    .scope S_0x3ea2e9f0;
T_2 ;
    %wait E_0x3ea2f020;
    %load/vec4 v0x3ea2f7e0_0;
    %store/vec4 v0x3ea2f450_0, 0, 3;
    %load/vec4 v0x3ea2f7e0_0;
    %dup/vec4;
    %pushi/vec4 0, 0, 3;
    %cmp/u;
    %jmp/1 T_2.0, 6;
    %dup/vec4;
    %pushi/vec4 1, 0, 3;
    %cmp/u;
    %jmp/1 T_2.1, 6;
    %dup/vec4;
    %pushi/vec4 2, 0, 3;
    %cmp/u;
    %jmp/1 T_2.2, 6;
    %dup/vec4;
    %pushi/vec4 3, 0, 3;
    %cmp/u;
    %jmp/1 T_2.3, 6;
    %dup/vec4;
    %pushi/vec4 4, 0, 3;
    %cmp/u;
    %jmp/1 T_2.4, 6;
    %jmp T_2.5;
T_2.0 ;
    %load/vec4 v0x3ea2f640_0;
    %cmpi/e 0, 0, 1;
    %flag_mov 8, 4;
    %jmp/0 T_2.6, 8;
    %pushi/vec4 1, 0, 3;
    %jmp/1 T_2.7, 8;
T_2.6 ; End of true expr.
    %pushi/vec4 0, 0, 3;
    %jmp/0 T_2.7, 8;
 ; End of false expr.
    %blend;
T_2.7;
    %store/vec4 v0x3ea2f450_0, 0, 3;
    %jmp T_2.5;
T_2.1 ;
    %load/vec4 v0x3ea2f0e0_0;
    %cmpi/e 3, 0, 3;
    %flag_mov 8, 4;
    %jmp/0 T_2.8, 8;
    %pushi/vec4 2, 0, 3;
    %jmp/1 T_2.9, 8;
T_2.8 ; End of true expr.
    %pushi/vec4 1, 0, 3;
    %jmp/0 T_2.9, 8;
 ; End of false expr.
    %blend;
T_2.9;
    %store/vec4 v0x3ea2f450_0, 0, 3;
    %jmp T_2.5;
T_2.2 ;
    %load/vec4 v0x3ea2f640_0;
    %cmpi/e 1, 0, 1;
    %flag_mov 8, 4;
    %jmp/0 T_2.10, 8;
    %pushi/vec4 3, 0, 3;
    %jmp/1 T_2.11, 8;
T_2.10 ; End of true expr.
    %pushi/vec4 4, 0, 3;
    %jmp/0 T_2.11, 8;
 ; End of false expr.
    %blend;
T_2.11;
    %store/vec4 v0x3ea2f450_0, 0, 3;
    %jmp T_2.5;
T_2.3 ;
    %pushi/vec4 0, 0, 3;
    %store/vec4 v0x3ea2f450_0, 0, 3;
    %jmp T_2.5;
T_2.4 ;
    %load/vec4 v0x3ea2f640_0;
    %cmpi/e 1, 0, 1;
    %flag_mov 8, 4;
    %jmp/0 T_2.12, 8;
    %pushi/vec4 0, 0, 3;
    %jmp/1 T_2.13, 8;
T_2.12 ; End of true expr.
    %pushi/vec4 4, 0, 3;
    %jmp/0 T_2.13, 8;
 ; End of false expr.
    %blend;
T_2.13;
    %store/vec4 v0x3ea2f450_0, 0, 3;
    %jmp T_2.5;
T_2.5 ;
    %pop/vec4 1;
    %jmp T_2;
    .thread T_2, $push;
    .scope S_0x3ea11030;
T_3 ;
    %delay 5000, 0;
    %load/vec4 v0x3ea2f9f0_0;
    %inv;
    %store/vec4 v0x3ea2f9f0_0, 0, 1;
    %jmp T_3;
    .thread T_3;
    .scope S_0x3ea11030;
T_4 ;
    %pushi/vec4 0, 0, 1;
    %store/vec4 v0x3ea2f9f0_0, 0, 1;
    %pushi/vec4 1, 0, 1;
    %store/vec4 v0x3ea2fc80_0, 0, 1;
    %pushi/vec4 1, 0, 1;
    %store/vec4 v0x3ea2fd50_0, 0, 1;
    %pushi/vec4 2, 0, 32;
T_4.0 %dup/vec4;
    %pushi/vec4 0, 0, 32;
    %cmp/s;
    %jmp/1xz T_4.1, 5;
    %jmp/1 T_4.1, 4;
    %pushi/vec4 1, 0, 32;
    %sub;
    %wait E_0x3e9e5710;
    %jmp T_4.0;
T_4.1 ;
    %pop/vec4 1;
    %pushi/vec4 0, 0, 1;
    %store/vec4 v0x3ea2fc80_0, 0, 1;
    %pushi/vec4 10, 0, 4;
    %store/vec4 v0x3ea2e910_0, 0, 4;
    %fork TD_tb_receiver.send_packet, S_0x3e9e5580;
    %join;
    %pushi/vec4 4, 0, 32;
T_4.2 %dup/vec4;
    %pushi/vec4 0, 0, 32;
    %cmp/s;
    %jmp/1xz T_4.3, 5;
    %jmp/1 T_4.3, 4;
    %pushi/vec4 1, 0, 32;
    %sub;
    %wait E_0x3e9e5710;
    %jmp T_4.2;
T_4.3 ;
    %pop/vec4 1;
    %pushi/vec4 7, 0, 4;
    %store/vec4 v0x3ea2e910_0, 0, 4;
    %fork TD_tb_receiver.send_packet, S_0x3e9e5580;
    %join;
    %pushi/vec4 4, 0, 32;
T_4.4 %dup/vec4;
    %pushi/vec4 0, 0, 32;
    %cmp/s;
    %jmp/1xz T_4.5, 5;
    %jmp/1 T_4.5, 4;
    %pushi/vec4 1, 0, 32;
    %sub;
    %wait E_0x3e9e5710;
    %jmp T_4.4;
T_4.5 ;
    %pop/vec4 1;
    %wait E_0x3e9e5710;
    %delay 1000, 0;
    %pushi/vec4 0, 0, 1;
    %assign/vec4 v0x3ea2fd50_0, 0;
    %wait E_0x3e9e5710;
    %delay 1000, 0;
    %pushi/vec4 1, 0, 1;
    %assign/vec4 v0x3ea2fd50_0, 0;
    %wait E_0x3e9e5710;
    %delay 1000, 0;
    %pushi/vec4 0, 0, 1;
    %assign/vec4 v0x3ea2fd50_0, 0;
    %wait E_0x3e9e5710;
    %delay 1000, 0;
    %pushi/vec4 1, 0, 1;
    %assign/vec4 v0x3ea2fd50_0, 0;
    %wait E_0x3e9e5710;
    %delay 1000, 0;
    %pushi/vec4 1, 0, 1;
    %assign/vec4 v0x3ea2fd50_0, 0;
    %wait E_0x3e9e5710;
    %delay 1000, 0;
    %pushi/vec4 0, 0, 1;
    %assign/vec4 v0x3ea2fd50_0, 0;
    %pushi/vec4 6, 0, 32;
T_4.6 %dup/vec4;
    %pushi/vec4 0, 0, 32;
    %cmp/s;
    %jmp/1xz T_4.7, 5;
    %jmp/1 T_4.7, 4;
    %pushi/vec4 1, 0, 32;
    %sub;
    %wait E_0x3e9e5710;
    %jmp T_4.6;
T_4.7 ;
    %pop/vec4 1;
    %delay 1000, 0;
    %pushi/vec4 1, 0, 1;
    %assign/vec4 v0x3ea2fd50_0, 0;
    %pushi/vec4 2, 0, 32;
T_4.8 %dup/vec4;
    %pushi/vec4 0, 0, 32;
    %cmp/s;
    %jmp/1xz T_4.9, 5;
    %jmp/1 T_4.9, 4;
    %pushi/vec4 1, 0, 32;
    %sub;
    %wait E_0x3e9e5710;
    %jmp T_4.8;
T_4.9 ;
    %pop/vec4 1;
    %pushi/vec4 12, 0, 4;
    %store/vec4 v0x3ea2e910_0, 0, 4;
    %fork TD_tb_receiver.send_packet, S_0x3e9e5580;
    %join;
    %pushi/vec4 10, 0, 32;
T_4.10 %dup/vec4;
    %pushi/vec4 0, 0, 32;
    %cmp/s;
    %jmp/1xz T_4.11, 5;
    %jmp/1 T_4.11, 4;
    %pushi/vec4 1, 0, 32;
    %sub;
    %wait E_0x3e9e5710;
    %jmp T_4.10;
T_4.11 ;
    %pop/vec4 1;
    %vpi_call/w 3 80 "$finish" {0 0 0};
    %end;
    .thread T_4;
    .scope S_0x3ea11030;
T_5 ;
    %vpi_call/w 3 85 "$dumpfile", "receiver.vcd" {0 0 0};
    %vpi_call/w 3 86 "$dumpvars", 32'sb00000000000000000000000000000001, S_0x3ea11030 {0 0 0};
    %vpi_call/w 3 87 "$dumpvars", 32'sb00000000000000000000000000000001, S_0x3ea2e9f0 {0 0 0};
    %end;
    .thread T_5;
# The file index is used to find the file name in the following table.
:file_names 5;
    "N/A";
    "<interactive>";
    "-";
    "testbench.sv";
    "design.sv";
